<?xml version="1.0" encoding="UTF-8"?>
<!-- Generated by org.testng.reporters.JUnitReportReporter -->
<testsuite hostname="Faiyazs-Air" failures="0" tests="1" name="restAssured.Getmethod" time="2.369" errors="0" timestamp="2023-01-11T18:17:01 GMT" skipped="0">
  <testcase classname="restAssured.Getmethod" name="getCookies" time="2.369"/>
  <system-out/>
</testsuite> <!-- restAssured.Getmethod -->
