<?xml version="1.0" encoding="UTF-8"?>
<!-- Generated by org.testng.reporters.JUnitReportReporter -->
<testsuite hostname="Faiyazs-MacBook-Air.local" failures="0" tests="1" name="rest.Test" time="2.908" errors="0" timestamp="2022-10-23T12:34:40 BST" skipped="0">
  <testcase classname="rest.Test" name="test_01" time="2.908"/>
  <system-out/>
</testsuite> <!-- rest.Test -->
