<?xml version="1.0" encoding="UTF-8"?>
<!-- Generated by org.testng.reporters.JUnitReportReporter -->
<testsuite hostname="Faiyazs-Air" failures="0" tests="1" name="rest_assured.Rest" time="2.277" errors="0" timestamp="2023-01-01T10:40:43 GMT" skipped="0">
  <testcase classname="rest_assured.Rest" name="rest_assured" time="2.277"/>
  <system-out/>
</testsuite> <!-- rest_assured.Rest -->
