<?xml version="1.0" encoding="UTF-8"?>
<!-- Generated by org.testng.reporters.JUnitReportReporter -->
<testsuite hostname="Faiyazs-MacBook-Air.local" failures="0" tests="1" name="rest.Get" time="2.567" errors="0" timestamp="2022-10-23T12:12:37 BST" skipped="0">
  <testcase classname="rest.Get" name="rest" time="2.567"/>
  <system-out/>
</testsuite> <!-- rest.Get -->
