<?xml version="1.0" encoding="UTF-8"?>
<!-- Generated by org.testng.reporters.JUnitReportReporter -->
<testsuite hostname="Faiyazs-Air" failures="0" tests="1" name="utils.Utils" time="0.941" errors="0" timestamp="2022-10-17T22:29:49 BST" skipped="0">
  <testcase classname="utils.Utils" name="path" time="0.941"/>
  <system-out/>
</testsuite> <!-- utils.Utils -->
