<?xml version="1.0" encoding="UTF-8"?>
<!-- Generated by org.testng.reporters.JUnitReportReporter -->
<testsuite hostname="Faiyazs-Air" failures="0" tests="1" name="restAssured.Reuest" time="2.420" errors="0" timestamp="2023-01-11T16:09:31 GMT" skipped="0">
  <testcase classname="restAssured.Reuest" name="restCall" time="2.420"/>
  <system-out/>
</testsuite> <!-- restAssured.Reuest -->
